# JRE version: OpenJDK Runtime Environment (8.0_282-b08) (build 1.8.0_282-b08)
# Java VM: OpenJDK 64-Bit Server VM (25.282-b08 mixed mode windows-amd64 compressed oops)
Heap:
 PSYoungGen      total 331264K, used 295011K [0x00000000d6180000, 0x00000000eb600000, 0x0000000100000000)
  eden space 314368K, 93% used [0x00000000d6180000,0x00000000e8198e88,0x00000000e9480000)
  from space 16896K, 0% used [0x00000000e9500000,0x00000000e9500000,0x00000000ea580000)
  to   space 11776K, 0% used [0x00000000eaa80000,0x00000000eaa80000,0x00000000eb600000)
 ParOldGen       total 69632K, used 38176K [0x0000000082400000, 0x0000000086800000, 0x00000000d6180000)
  object space 69632K, 54% used [0x0000000082400000,0x00000000849483c0,0x0000000086800000)
 Metaspace       used 62464K, capacity 66216K, committed 66264K, reserved 1105920K
  class space    used 8569K, capacity 9173K, committed 9216K, reserved 1048576K
GC Heap History (10 events):
Event: 10.776 GC heap before
{Heap before GC invocations=10 (full 1):
 PSYoungGen      total 239104K, used 39702K [0x00000000d6180000, 0x00000000e5d80000, 0x0000000100000000)
  eden space 225280K, 11% used [0x00000000d6180000,0x00000000d7acd2d0,0x00000000e3d80000)
  from space 13824K, 99% used [0x00000000e5000000,0x00000000e5d78718,0x00000000e5d80000)
  to   space 16384K, 0% used [0x00000000e3d80000,0x00000000e3d80000,0x00000000e4d80000)
 ParOldGen       total 50176K, used 11888K [0x0000000082400000, 0x0000000085500000, 0x00000000d6180000)
  object space 50176K, 23% used [0x0000000082400000,0x0000000082f9c1a8,0x0000000085500000)
 Metaspace       used 33538K, capacity 35382K, committed 35416K, reserved 1079296K
  class space    used 4389K, capacity 4715K, committed 4736K, reserved 1048576K
Event: 10.794 GC heap after
Heap after GC invocations=10 (full 1):
 PSYoungGen      total 241664K, used 10311K [0x00000000d6180000, 0x00000000eba80000, 0x0000000100000000)
  eden space 225280K, 0% used [0x00000000d6180000,0x00000000d6180000,0x00000000e3d80000)
  from space 16384K, 62% used [0x00000000e3d80000,0x00000000e4791da0,0x00000000e4d80000)
  to   space 16384K, 0% used [0x00000000eaa80000,0x00000000eaa80000,0x00000000eba80000)
 ParOldGen       total 50176K, used 11896K [0x0000000082400000, 0x0000000085500000, 0x00000000d6180000)
  object space 50176K, 23% used [0x0000000082400000,0x0000000082f9e1a8,0x0000000085500000)
 Metaspace       used 33538K, capacity 35382K, committed 35416K, reserved 1079296K
  class space    used 4389K, capacity 4715K, committed 4736K, reserved 1048576K
}
Event: 10.794 GC heap before
{Heap before GC invocations=11 (full 2):
 PSYoungGen      total 241664K, used 10311K [0x00000000d6180000, 0x00000000eba80000, 0x0000000100000000)
  eden space 225280K, 0% used [0x00000000d6180000,0x00000000d6180000,0x00000000e3d80000)
  from space 16384K, 62% used [0x00000000e3d80000,0x00000000e4791da0,0x00000000e4d80000)
  to   space 16384K, 0% used [0x00000000eaa80000,0x00000000eaa80000,0x00000000eba80000)
 ParOldGen       total 50176K, used 11896K [0x0000000082400000, 0x0000000085500000, 0x00000000d6180000)
  object space 50176K, 23% used [0x0000000082400000,0x0000000082f9e1a8,0x0000000085500000)
 Metaspace       used 33538K, capacity 35382K, committed 35416K, reserved 1079296K
  class space    used 4389K, capacity 4715K, committed 4736K, reserved 1048576K
Event: 10.879 GC heap after
Heap after GC invocations=11 (full 2):
 PSYoungGen      total 241664K, used 0K [0x00000000d6180000, 0x00000000eba80000, 0x0000000100000000)
  eden space 225280K, 0% used [0x00000000d6180000,0x00000000d6180000,0x00000000e3d80000)
  from space 16384K, 0% used [0x00000000e3d80000,0x00000000e3d80000,0x00000000e4d80000)
  to   space 16384K, 0% used [0x00000000eaa80000,0x00000000eaa80000,0x00000000eba80000)
 ParOldGen       total 69632K, used 15961K [0x0000000082400000, 0x0000000086800000, 0x00000000d6180000)
  object space 69632K, 22% used [0x0000000082400000,0x00000000833964b0,0x0000000086800000)
 Metaspace       used 33538K, capacity 35382K, committed 35416K, reserved 1079296K
  class space    used 4389K, capacity 4715K, committed 4736K, reserved 1048576K
}
Event: 14.056 GC heap before
{Heap before GC invocations=12 (full 2):
 PSYoungGen      total 241664K, used 225280K [0x00000000d6180000, 0x00000000eba80000, 0x0000000100000000)
  eden space 225280K, 100% used [0x00000000d6180000,0x00000000e3d80000,0x00000000e3d80000)
  from space 16384K, 0% used [0x00000000e3d80000,0x00000000e3d80000,0x00000000e4d80000)
  to   space 16384K, 0% used [0x00000000eaa80000,0x00000000eaa80000,0x00000000eba80000)
 ParOldGen       total 69632K, used 15961K [0x0000000082400000, 0x0000000086800000, 0x00000000d6180000)
  object space 69632K, 22% used [0x0000000082400000,0x00000000833964b0,0x0000000086800000)
 Metaspace       used 40961K, capacity 43238K, committed 43352K, reserved 1087488K
  class space    used 5520K, capacity 5914K, committed 6016K, reserved 1048576K
Event: 14.082 GC heap after
Heap after GC invocations=12 (full 2):
 PSYoungGen      total 326144K, used 11675K [0x00000000d6180000, 0x00000000eb600000, 0x0000000100000000)
  eden space 314368K, 0% used [0x00000000d6180000,0x00000000d6180000,0x00000000e9480000)
  from space 11776K, 99% used [0x00000000eaa80000,0x00000000eb5e6f28,0x00000000eb600000)
  to   space 16896K, 0% used [0x00000000e9500000,0x00000000e9500000,0x00000000ea580000)
 ParOldGen       total 69632K, used 15969K [0x0000000082400000, 0x0000000086800000, 0x00000000d6180000)
  object space 69632K, 22% used [0x0000000082400000,0x00000000833984b0,0x0000000086800000)
 Metaspace       used 40961K, capacity 43238K, committed 43352K, reserved 1087488K
  class space    used 5520K, capacity 5914K, committed 6016K, reserved 1048576K
}
Event: 20.037 GC heap before
{Heap before GC invocations=13 (full 2):
 PSYoungGen      total 326144K, used 271077K [0x00000000d6180000, 0x00000000eb600000, 0x0000000100000000)
  eden space 314368K, 82% used [0x00000000d6180000,0x00000000e5ed2838,0x00000000e9480000)
  from space 11776K, 99% used [0x00000000eaa80000,0x00000000eb5e6f28,0x00000000eb600000)
  to   space 16896K, 0% used [0x00000000e9500000,0x00000000e9500000,0x00000000ea580000)
 ParOldGen       total 69632K, used 15969K [0x0000000082400000, 0x0000000086800000, 0x00000000d6180000)
  object space 69632K, 22% used [0x0000000082400000,0x00000000833984b0,0x0000000086800000)
 Metaspace       used 56335K, capacity 58858K, committed 58968K, reserved 1099776K
  class space    used 7590K, capacity 8026K, committed 8064K, reserved 1048576K
Event: 20.085 GC heap after
Heap after GC invocations=13 (full 2):
 PSYoungGen      total 331264K, used 16886K [0x00000000d6180000, 0x00000000eb600000, 0x0000000100000000)
  eden space 314368K, 0% used [0x00000000d6180000,0x00000000d6180000,0x00000000e9480000)
  from space 16896K, 99% used [0x00000000e9500000,0x00000000ea57d848,0x00000000ea580000)
  to   space 11776K, 0% used [0x00000000eaa80000,0x00000000eaa80000,0x00000000eb600000)
 ParOldGen       total 69632K, used 24287K [0x0000000082400000, 0x0000000086800000, 0x00000000d6180000)
  object space 69632K, 34% used [0x0000000082400000,0x0000000083bb7ca8,0x0000000086800000)
 Metaspace       used 56335K, capacity 58858K, committed 58968K, reserved 1099776K
  class space    used 7590K, capacity 8026K, committed 8064K, reserved 1048576K
}
Event: 20.085 GC heap before
{Heap before GC invocations=14 (full 3):
 PSYoungGen      total 331264K, used 16886K [0x00000000d6180000, 0x00000000eb600000, 0x0000000100000000)
  eden space 314368K, 0% used [0x00000000d6180000,0x00000000d6180000,0x00000000e9480000)
  from space 16896K, 99% used [0x00000000e9500000,0x00000000ea57d848,0x00000000ea580000)
  to   space 11776K, 0% used [0x00000000eaa80000,0x00000000eaa80000,0x00000000eb600000)
 ParOldGen       total 69632K, used 24287K [0x0000000082400000, 0x0000000086800000, 0x00000000d6180000)
  object space 69632K, 34% used [0x0000000082400000,0x0000000083bb7ca8,0x0000000086800000)
 Metaspace       used 56335K, capacity 58858K, committed 58968K, reserved 1099776K
  class space    used 7590K, capacity 8026K, committed 8064K, reserved 1048576K
Event: 20.447 GC heap after
Heap after GC invocations=14 (full 3):
 PSYoungGen      total 331264K, used 0K [0x00000000d6180000, 0x00000000eb600000, 0x0000000100000000)
  eden space 314368K, 0% used [0x00000000d6180000,0x00000000d6180000,0x00000000e9480000)
  from space 16896K, 0% used [0x00000000e9500000,0x00000000e9500000,0x00000000ea580000)
  to   space 11776K, 0% used [0x00000000eaa80000,0x00000000eaa80000,0x00000000eb600000)
 ParOldGen       total 69632K, used 38176K [0x0000000082400000, 0x0000000086800000, 0x00000000d6180000)
  object space 69632K, 54% used [0x0000000082400000,0x00000000849483c0,0x0000000086800000)
 Metaspace       used 56331K, capacity 58852K, committed 58968K, reserved 1099776K
  class space    used 7590K, capacity 8025K, committed 8064K, reserved 1048576K
}

